2025-12-26 21:34:53 - error_handler - ERROR - {"timestamp": "2025-12-26T21:34:53.666572", "level": "ERROR", "message": "发生错误: TypeError", "error_type": "TypeError", "error_message": "SystemLogger.__new__() takes 1 positional argument but 2 were given", "traceback": "Traceback (most recent call last):\n  File \"/Users/gyc/Desktop/GYC_coding/zyantine/zyantine_memo/zyantine_genisis/main.py\", line 169, in main\n    facade = ZyantineFacade(\n             ^^^^^^^^^^^^^^^\n  File \"/Users/gyc/Desktop/GYC_coding/zyantine/zyantine_memo/zyantine_genisis/zyantine_facade.py\", line 59, in __init__\n    self.core = ZyantineCore(\n                ^^^^^^^^^^^^^\n  File \"/Users/gyc/Desktop/GYC_coding/zyantine/zyantine_memo/zyantine_genisis/core/system_core.py\", line 38, in __init__\n    self.logger = SystemLogger(self.config)\n                  ^^^^^^^^^^^^^^^^^^^^^^^^^\nTypeError: SystemLogger.__new__() takes 1 positional argument but 2 were given\n"}
2025-12-26 21:35:38 - error_handler - ERROR - {"timestamp": "2025-12-26T21:35:38.610297", "level": "ERROR", "message": "发生错误: TypeError", "error_type": "TypeError", "error_message": "unhashable type: 'SystemConfig'", "traceback": "Traceback (most recent call last):\n  File \"/Users/gyc/Desktop/GYC_coding/zyantine/zyantine_memo/zyantine_genisis/main.py\", line 169, in main\n    facade = ZyantineFacade(\n             ^^^^^^^^^^^^^^^\n  File \"/Users/gyc/Desktop/GYC_coding/zyantine/zyantine_memo/zyantine_genisis/zyantine_facade.py\", line 59, in __init__\n    self.core = ZyantineCore(\n                ^^^^^^^^^^^^^\n  File \"/Users/gyc/Desktop/GYC_coding/zyantine/zyantine_memo/zyantine_genisis/core/system_core.py\", line 39, in __init__\n    self.error_handler = ErrorHandler(self.config)\n                         ^^^^^^^^^^^^^^^^^^^^^^^^^\n  File \"/Users/gyc/Desktop/GYC_coding/zyantine/zyantine_memo/zyantine_genisis/utils/error_handler.py\", line 17, in __init__\n    self.logger = StructuredLogger(logger_name)\n                  ^^^^^^^^^^^^^^^^^^^^^^^^^^^^^\n  File \"/Users/gyc/Desktop/GYC_coding/zyantine/zyantine_memo/zyantine_genisis/utils/logger.py\", line 121, in __init__\n    self.logger = SystemLogger().get_logger(logger_name)\n                  ^^^^^^^^^^^^^^^^^^^^^^^^^^^^^^^^^^^^^^\n  File \"/Users/gyc/Desktop/GYC_coding/zyantine/zyantine_memo/zyantine_genisis/utils/logger.py\", line 55, in get_logger\n    if name in self.loggers:\n       ^^^^^^^^^^^^^^^^^^^^\nTypeError: unhashable type: 'SystemConfig'\n"}
2025-12-26 21:47:09 - error_handler - ERROR - {"timestamp": "2025-12-26T21:47:09.534079", "level": "ERROR", "message": "发生错误: TypeError", "error_type": "TypeError", "error_message": "SystemLogger.__new__() takes 1 positional argument but 2 were given", "traceback": "Traceback (most recent call last):\n  File \"/Users/gyc/Desktop/GYC_coding/zyantine/zyantine_memo/zyantine_genisis/main.py\", line 169, in main\n    facade = ZyantineFacade(\n             ^^^^^^^^^^^^^^^\n  File \"/Users/gyc/Desktop/GYC_coding/zyantine/zyantine_memo/zyantine_genisis/zyantine_facade.py\", line 59, in __init__\n    self.core = ZyantineCore(\n                ^^^^^^^^^^^^^\n  File \"/Users/gyc/Desktop/GYC_coding/zyantine/zyantine_memo/zyantine_genisis/core/system_core.py\", line 43, in __init__\n    self.api_service_provider = APIServiceProvider(self.config)\n                                ^^^^^^^^^^^^^^^^^^^^^^^^^^^^^^^\n  File \"/Users/gyc/Desktop/GYC_coding/zyantine/zyantine_memo/zyantine_genisis/api/service_provider.py\", line 71, in __init__\n    self.logger = SystemLogger(config)\n                  ^^^^^^^^^^^^^^^^^^^^\nTypeError: SystemLogger.__new__() takes 1 positional argument but 2 were given\n"}
2025-12-26 21:47:42 - error_handler - ERROR - {"timestamp": "2025-12-26T21:47:42.000394", "level": "ERROR", "message": "发生错误: AttributeError", "error_type": "AttributeError", "error_message": "'SystemLogger' object has no attribute 'warning'", "traceback": "Traceback (most recent call last):\n  File \"/Users/gyc/Desktop/GYC_coding/zyantine/zyantine_memo/zyantine_genisis/main.py\", line 169, in main\n    facade = ZyantineFacade(\n             ^^^^^^^^^^^^^^^\n  File \"/Users/gyc/Desktop/GYC_coding/zyantine/zyantine_memo/zyantine_genisis/zyantine_facade.py\", line 59, in __init__\n    self.core = ZyantineCore(\n                ^^^^^^^^^^^^^\n  File \"/Users/gyc/Desktop/GYC_coding/zyantine/zyantine_memo/zyantine_genisis/core/system_core.py\", line 43, in __init__\n    self.api_service_provider = APIServiceProvider(self.config)\n                                ^^^^^^^^^^^^^^^^^^^^^^^^^^^^^^^\n  File \"/Users/gyc/Desktop/GYC_coding/zyantine/zyantine_memo/zyantine_genisis/api/service_provider.py\", line 80, in __init__\n    self._initialize_services()\n  File \"/Users/gyc/Desktop/GYC_coding/zyantine/zyantine_memo/zyantine_genisis/api/service_provider.py\", line 111, in _initialize_services\n    self.logger.warning(\"API服务未启用或未配置API密钥，使用本地模式\")\n    ^^^^^^^^^^^^^^^^^^^\nAttributeError: 'SystemLogger' object has no attribute 'warning'\n"}
2025-12-26 21:54:25 - error_handler - ERROR - {"timestamp": "2025-12-26T21:54:25.539608", "level": "ERROR", "message": "发生错误: NameError", "error_type": "NameError", "error_message": "name 'logger' is not defined", "traceback": "Traceback (most recent call last):\n  File \"/Users/gyc/Desktop/GYC_coding/zyantine/zyantine_memo/zyantine_genisis/main.py\", line 169, in main\n    facade = ZyantineFacade(\n             ^^^^^^^^^^^^^^^\n  File \"/Users/gyc/Desktop/GYC_coding/zyantine/zyantine_memo/zyantine_genisis/zyantine_facade.py\", line 59, in __init__\n    self.core = ZyantineCore(\n                ^^^^^^^^^^^^^\n  File \"/Users/gyc/Desktop/GYC_coding/zyantine/zyantine_memo/zyantine_genisis/core/system_core.py\", line 43, in __init__\n    self.api_service_provider = APIServiceProvider(self.config)\n                                ^^^^^^^^^^^^^^^^^^^^^^^^^^^^^^^\n  File \"/Users/gyc/Desktop/GYC_coding/zyantine/zyantine_memo/zyantine_genisis/api/service_provider.py\", line 80, in __init__\n    self._initialize_services()\n  File \"/Users/gyc/Desktop/GYC_coding/zyantine/zyantine_memo/zyantine_genisis/api/service_provider.py\", line 90, in _initialize_services\n    logger.info(f\"打印api_config={api_config}\")\n    ^^^^^^\nNameError: name 'logger' is not defined\n"}
2025-12-26 21:54:38 - error_handler - ERROR - {"timestamp": "2025-12-26T21:54:38.307869", "level": "ERROR", "message": "发生错误: AttributeError", "error_type": "AttributeError", "error_message": "'str' object has no attribute 'loggers'", "traceback": "Traceback (most recent call last):\n  File \"/Users/gyc/Desktop/GYC_coding/zyantine/zyantine_memo/zyantine_genisis/main.py\", line 169, in main\n    facade = ZyantineFacade(\n             ^^^^^^^^^^^^^^^\n  File \"/Users/gyc/Desktop/GYC_coding/zyantine/zyantine_memo/zyantine_genisis/zyantine_facade.py\", line 59, in __init__\n    self.core = ZyantineCore(\n                ^^^^^^^^^^^^^\n  File \"/Users/gyc/Desktop/GYC_coding/zyantine/zyantine_memo/zyantine_genisis/core/system_core.py\", line 43, in __init__\n    self.api_service_provider = APIServiceProvider(self.config)\n                                ^^^^^^^^^^^^^^^^^^^^^^^^^^^^^^^\n  File \"/Users/gyc/Desktop/GYC_coding/zyantine/zyantine_memo/zyantine_genisis/api/service_provider.py\", line 80, in __init__\n    self._initialize_services()\n  File \"/Users/gyc/Desktop/GYC_coding/zyantine/zyantine_memo/zyantine_genisis/api/service_provider.py\", line 93, in _initialize_services\n    openai_service = OpenAIService(\n                     ^^^^^^^^^^^^^^\n  File \"/Users/gyc/Desktop/GYC_coding/zyantine/zyantine_memo/zyantine_genisis/api/openai_service.py\", line 69, in __init__\n    self.logger = SystemLogger.get_logger(\"openai_service\")\n                  ^^^^^^^^^^^^^^^^^^^^^^^^^^^^^^^^^^^^^^^^^\n  File \"/Users/gyc/Desktop/GYC_coding/zyantine/zyantine_memo/zyantine_genisis/utils/logger.py\", line 55, in get_logger\n    if name in self.loggers:\n               ^^^^^^^^^^^^\nAttributeError: 'str' object has no attribute 'loggers'\n"}
2025-12-26 21:55:02 - error_handler - ERROR - {"timestamp": "2025-12-26T21:55:02.968376", "level": "ERROR", "message": "发生错误: AttributeError", "error_type": "AttributeError", "error_message": "'str' object has no attribute 'loggers'", "traceback": "Traceback (most recent call last):\n  File \"/Users/gyc/Desktop/GYC_coding/zyantine/zyantine_memo/zyantine_genisis/main.py\", line 169, in main\n    facade = ZyantineFacade(\n             ^^^^^^^^^^^^^^^\n  File \"/Users/gyc/Desktop/GYC_coding/zyantine/zyantine_memo/zyantine_genisis/zyantine_facade.py\", line 59, in __init__\n    self.core = ZyantineCore(\n                ^^^^^^^^^^^^^\n  File \"/Users/gyc/Desktop/GYC_coding/zyantine/zyantine_memo/zyantine_genisis/core/system_core.py\", line 43, in __init__\n    self.api_service_provider = APIServiceProvider(self.config)\n                                ^^^^^^^^^^^^^^^^^^^^^^^^^^^^^^^\n  File \"/Users/gyc/Desktop/GYC_coding/zyantine/zyantine_memo/zyantine_genisis/api/service_provider.py\", line 83, in __init__\n    self._initialize_components()\n  File \"/Users/gyc/Desktop/GYC_coding/zyantine/zyantine_memo/zyantine_genisis/api/service_provider.py\", line 118, in _initialize_components\n    self.prompt_engine = PromptEngine(self.config)\n                         ^^^^^^^^^^^^^^^^^^^^^^^^^\n  File \"/Users/gyc/Desktop/GYC_coding/zyantine/zyantine_memo/zyantine_genisis/api/prompt_engine.py\", line 42, in __init__\n    self.logger = SystemLogger.get_logger(\"prompt_engine\")\n                  ^^^^^^^^^^^^^^^^^^^^^^^^^^^^^^^^^^^^^^^^\n  File \"/Users/gyc/Desktop/GYC_coding/zyantine/zyantine_memo/zyantine_genisis/utils/logger.py\", line 55, in get_logger\n    if name in self.loggers:\n               ^^^^^^^^^^^^\nAttributeError: 'str' object has no attribute 'loggers'\n"}
2025-12-26 21:55:16 - error_handler - ERROR - {"timestamp": "2025-12-26T21:55:16.485349", "level": "ERROR", "message": "发生错误: AttributeError", "error_type": "AttributeError", "error_message": "'str' object has no attribute 'loggers'", "traceback": "Traceback (most recent call last):\n  File \"/Users/gyc/Desktop/GYC_coding/zyantine/zyantine_memo/zyantine_genisis/main.py\", line 169, in main\n    facade = ZyantineFacade(\n             ^^^^^^^^^^^^^^^\n  File \"/Users/gyc/Desktop/GYC_coding/zyantine/zyantine_memo/zyantine_genisis/zyantine_facade.py\", line 59, in __init__\n    self.core = ZyantineCore(\n                ^^^^^^^^^^^^^\n  File \"/Users/gyc/Desktop/GYC_coding/zyantine/zyantine_memo/zyantine_genisis/core/system_core.py\", line 43, in __init__\n    self.api_service_provider = APIServiceProvider(self.config)\n                                ^^^^^^^^^^^^^^^^^^^^^^^^^^^^^^^\n  File \"/Users/gyc/Desktop/GYC_coding/zyantine/zyantine_memo/zyantine_genisis/api/service_provider.py\", line 83, in __init__\n    self._initialize_components()\n  File \"/Users/gyc/Desktop/GYC_coding/zyantine/zyantine_memo/zyantine_genisis/api/service_provider.py\", line 124, in _initialize_components\n    self.reply_generator = APIBasedReplyGenerator(\n                           ^^^^^^^^^^^^^^^^^^^^^^^\n  File \"/Users/gyc/Desktop/GYC_coding/zyantine/zyantine_memo/zyantine_genisis/api/reply_generator.py\", line 54, in __init__\n    self.logger = SystemLogger.get_logger(\"reply_generator\")\n                  ^^^^^^^^^^^^^^^^^^^^^^^^^^^^^^^^^^^^^^^^^^\n  File \"/Users/gyc/Desktop/GYC_coding/zyantine/zyantine_memo/zyantine_genisis/utils/logger.py\", line 55, in get_logger\n    if name in self.loggers:\n               ^^^^^^^^^^^^\nAttributeError: 'str' object has no attribute 'loggers'\n"}
2025-12-26 21:55:29 - error_handler - ERROR - {"timestamp": "2025-12-26T21:55:29.472567", "level": "ERROR", "message": "发生错误: TypeError", "error_type": "TypeError", "error_message": "MemoryManager.__init__() got an unexpected keyword argument 'api_service'", "traceback": "Traceback (most recent call last):\n  File \"/Users/gyc/Desktop/GYC_coding/zyantine/zyantine_memo/zyantine_genisis/main.py\", line 169, in main\n    facade = ZyantineFacade(\n             ^^^^^^^^^^^^^^^\n  File \"/Users/gyc/Desktop/GYC_coding/zyantine/zyantine_memo/zyantine_genisis/zyantine_facade.py\", line 59, in __init__\n    self.core = ZyantineCore(\n                ^^^^^^^^^^^^^\n  File \"/Users/gyc/Desktop/GYC_coding/zyantine/zyantine_memo/zyantine_genisis/core/system_core.py\", line 46, in __init__\n    self.memory_manager = MemoryManager(\n                          ^^^^^^^^^^^^^^\nTypeError: MemoryManager.__init__() got an unexpected keyword argument 'api_service'\n"}
2025-12-26 22:01:21 - error_handler - ERROR - {"timestamp": "2025-12-26T22:01:21.346666", "level": "ERROR", "message": "发生错误: AttributeError", "error_type": "AttributeError", "error_message": "'ComponentManager' object has no attribute 'get_all_components'", "traceback": "Traceback (most recent call last):\n  File \"/Users/gyc/Desktop/GYC_coding/zyantine/zyantine_memo/zyantine_genisis/main.py\", line 169, in main\n    facade = ZyantineFacade(\n             ^^^^^^^^^^^^^^^\n  File \"/Users/gyc/Desktop/GYC_coding/zyantine/zyantine_memo/zyantine_genisis/zyantine_facade.py\", line 59, in __init__\n    self.core = ZyantineCore(\n                ^^^^^^^^^^^^^\n  File \"/Users/gyc/Desktop/GYC_coding/zyantine/zyantine_memo/zyantine_genisis/core/system_core.py\", line 51, in __init__\n    self._load_core_components()\n  File \"/Users/gyc/Desktop/GYC_coding/zyantine/zyantine_memo/zyantine_genisis/core/system_core.py\", line 71, in _load_core_components\n    self.components = self.component_manager.get_all_components()\n                      ^^^^^^^^^^^^^^^^^^^^^^^^^^^^^^^^^^^^^^^^^\nAttributeError: 'ComponentManager' object has no attribute 'get_all_components'\n"}
2025-12-26 22:02:18 - error_handler - ERROR - {"timestamp": "2025-12-26T22:02:18.601011", "level": "ERROR", "message": "发生错误: NameError", "error_type": "NameError", "error_message": "name 'InternalStateDashboard' is not defined", "traceback": "Traceback (most recent call last):\n  File \"/Users/gyc/Desktop/GYC_coding/zyantine/zyantine_memo/zyantine_genisis/main.py\", line 169, in main\n    facade = ZyantineFacade(\n             ^^^^^^^^^^^^^^^\n  File \"/Users/gyc/Desktop/GYC_coding/zyantine/zyantine_memo/zyantine_genisis/zyantine_facade.py\", line 59, in __init__\n    self.core = ZyantineCore(\n                ^^^^^^^^^^^^^\n  File \"/Users/gyc/Desktop/GYC_coding/zyantine/zyantine_memo/zyantine_genisis/core/system_core.py\", line 51, in __init__\n    self._load_core_components()\n  File \"/Users/gyc/Desktop/GYC_coding/zyantine/zyantine_memo/zyantine_genisis/core/system_core.py\", line 71, in _load_core_components\n    self.components = self.component_manager.initialize_components()\n                      ^^^^^^^^^^^^^^^^^^^^^^^^^^^^^^^^^^^^^^^^^^^^^^\n  File \"/Users/gyc/Desktop/GYC_coding/zyantine/zyantine_memo/zyantine_genisis/core/component_manager.py\", line 29, in initialize_components\n    self.components['internal_state_dashboard'] = InternalStateDashboard()\n                                                  ^^^^^^^^^^^^^^^^^^^^^^\nNameError: name 'InternalStateDashboard' is not defined\n"}
2025-12-26 22:03:09 - error_handler - ERROR - {"timestamp": "2025-12-26T22:03:09.836004", "level": "ERROR", "message": "发生错误: TypeError", "error_type": "TypeError", "error_message": "ProtocolEngine.__init__() got an unexpected keyword argument 'config'", "traceback": "Traceback (most recent call last):\n  File \"/Users/gyc/Desktop/GYC_coding/zyantine/zyantine_memo/zyantine_genisis/main.py\", line 169, in main\n    facade = ZyantineFacade(\n             ^^^^^^^^^^^^^^^\n  File \"/Users/gyc/Desktop/GYC_coding/zyantine/zyantine_memo/zyantine_genisis/zyantine_facade.py\", line 59, in __init__\n    self.core = ZyantineCore(\n                ^^^^^^^^^^^^^\n  File \"/Users/gyc/Desktop/GYC_coding/zyantine/zyantine_memo/zyantine_genisis/core/system_core.py\", line 51, in __init__\n    self._load_core_components()\n  File \"/Users/gyc/Desktop/GYC_coding/zyantine/zyantine_memo/zyantine_genisis/core/system_core.py\", line 79, in _load_core_components\n    self.protocol_engine = ProtocolEngine(\n                           ^^^^^^^^^^^^^^^\nTypeError: ProtocolEngine.__init__() got an unexpected keyword argument 'config'\n"}
2025-12-26 22:05:13 - error_handler - ERROR - {"timestamp": "2025-12-26T22:05:13.171920", "level": "ERROR", "message": "发生错误: TypeError", "error_type": "TypeError", "error_message": "CognitiveFlowManager.__init__() got an unexpected keyword argument 'fact_anchor'", "traceback": "Traceback (most recent call last):\n  File \"/Users/gyc/Desktop/GYC_coding/zyantine/zyantine_memo/zyantine_genisis/main.py\", line 169, in main\n    facade = ZyantineFacade(\n             ^^^^^^^^^^^^^^^\n  File \"/Users/gyc/Desktop/GYC_coding/zyantine/zyantine_memo/zyantine_genisis/zyantine_facade.py\", line 59, in __init__\n    self.core = ZyantineCore(\n                ^^^^^^^^^^^^^\n  File \"/Users/gyc/Desktop/GYC_coding/zyantine/zyantine_memo/zyantine_genisis/core/system_core.py\", line 51, in __init__\n    self._load_core_components()\n  File \"/Users/gyc/Desktop/GYC_coding/zyantine/zyantine_memo/zyantine_genisis/core/system_core.py\", line 86, in _load_core_components\n    self.cognitive_flow_manager = CognitiveFlowManager(\n                                  ^^^^^^^^^^^^^^^^^^^^^\nTypeError: CognitiveFlowManager.__init__() got an unexpected keyword argument 'fact_anchor'\n"}
2025-12-26 22:07:10 - error_handler - ERROR - {"timestamp": "2025-12-26T22:07:10.028621", "level": "ERROR", "message": "发生错误: TypeError", "error_type": "TypeError", "error_message": "CognitiveFlowManager.__init__() got an unexpected keyword argument 'config'", "traceback": "Traceback (most recent call last):\n  File \"/Users/gyc/Desktop/GYC_coding/zyantine/zyantine_memo/zyantine_genisis/main.py\", line 169, in main\n    facade = ZyantineFacade(\n             ^^^^^^^^^^^^^^^\n  File \"/Users/gyc/Desktop/GYC_coding/zyantine/zyantine_memo/zyantine_genisis/zyantine_facade.py\", line 59, in __init__\n    self.core = ZyantineCore(\n                ^^^^^^^^^^^^^\n  File \"/Users/gyc/Desktop/GYC_coding/zyantine/zyantine_memo/zyantine_genisis/core/system_core.py\", line 51, in __init__\n    self._load_core_components()\n  File \"/Users/gyc/Desktop/GYC_coding/zyantine/zyantine_memo/zyantine_genisis/core/system_core.py\", line 86, in _load_core_components\n    self.cognitive_flow_manager = CognitiveFlowManager(\n                                  ^^^^^^^^^^^^^^^^^^^^^\nTypeError: CognitiveFlowManager.__init__() got an unexpected keyword argument 'config'\n"}
2025-12-26 22:08:29 - error_handler - ERROR - {"timestamp": "2025-12-26T22:08:29.954745", "level": "ERROR", "message": "发生错误: ModuleNotFoundError", "error_type": "ModuleNotFoundError", "error_message": "No module named 'core.stage_handlers'", "traceback": "Traceback (most recent call last):\n  File \"/Users/gyc/Desktop/GYC_coding/zyantine/zyantine_memo/zyantine_genisis/main.py\", line 169, in main\n    facade = ZyantineFacade(\n             ^^^^^^^^^^^^^^^\n  File \"/Users/gyc/Desktop/GYC_coding/zyantine/zyantine_memo/zyantine_genisis/zyantine_facade.py\", line 59, in __init__\n    self.core = ZyantineCore(\n                ^^^^^^^^^^^^^\n  File \"/Users/gyc/Desktop/GYC_coding/zyantine/zyantine_memo/zyantine_genisis/core/system_core.py\", line 54, in __init__\n    self.pipeline = self._initialize_pipeline()\n                    ^^^^^^^^^^^^^^^^^^^^^^^^^^^\n  File \"/Users/gyc/Desktop/GYC_coding/zyantine/zyantine_memo/zyantine_genisis/core/system_core.py\", line 95, in _initialize_pipeline\n    from core.stage_handlers import (\nModuleNotFoundError: No module named 'core.stage_handlers'\n"}
2025-12-26 22:17:31 - error_handler - ERROR - {"timestamp": "2025-12-26T22:17:31.337728", "level": "ERROR", "message": "发生错误: ModuleNotFoundError", "error_type": "ModuleNotFoundError", "error_message": "No module named 'processing_pipeline'", "traceback": "Traceback (most recent call last):\n  File \"/Users/gyc/Desktop/GYC_coding/zyantine/zyantine_memo/zyantine_genisis/main.py\", line 169, in main\n    facade = ZyantineFacade(\n             ^^^^^^^^^^^^^^^\n  File \"/Users/gyc/Desktop/GYC_coding/zyantine/zyantine_memo/zyantine_genisis/zyantine_facade.py\", line 59, in __init__\n    self.core = ZyantineCore(\n                ^^^^^^^^^^^^^\n  File \"/Users/gyc/Desktop/GYC_coding/zyantine/zyantine_memo/zyantine_genisis/core/system_core.py\", line 54, in __init__\n    self.pipeline = self._initialize_pipeline()\n                    ^^^^^^^^^^^^^^^^^^^^^^^^^^^\n  File \"/Users/gyc/Desktop/GYC_coding/zyantine/zyantine_memo/zyantine_genisis/core/system_core.py\", line 95, in _initialize_pipeline\n    from core.stage_handlers import (\n  File \"/Users/gyc/Desktop/GYC_coding/zyantine/zyantine_memo/zyantine_genisis/core/stage_handlers.py\", line 10, in <module>\n    from processing_pipeline import ProcessingStage, StageContext\nModuleNotFoundError: No module named 'processing_pipeline'\n"}
2025-12-26 22:17:53 - error_handler - ERROR - {"timestamp": "2025-12-26T22:17:53.754267", "level": "ERROR", "message": "发生错误: AttributeError", "error_type": "AttributeError", "error_message": "'PreprocessHandler' object has no attribute 'stage_name'", "traceback": "Traceback (most recent call last):\n  File \"/Users/gyc/Desktop/GYC_coding/zyantine/zyantine_memo/zyantine_genisis/main.py\", line 169, in main\n    facade = ZyantineFacade(\n             ^^^^^^^^^^^^^^^\n  File \"/Users/gyc/Desktop/GYC_coding/zyantine/zyantine_memo/zyantine_genisis/zyantine_facade.py\", line 59, in __init__\n    self.core = ZyantineCore(\n                ^^^^^^^^^^^^^\n  File \"/Users/gyc/Desktop/GYC_coding/zyantine/zyantine_memo/zyantine_genisis/core/system_core.py\", line 54, in __init__\n    self.pipeline = self._initialize_pipeline()\n                    ^^^^^^^^^^^^^^^^^^^^^^^^^^^\n  File \"/Users/gyc/Desktop/GYC_coding/zyantine/zyantine_memo/zyantine_genisis/core/system_core.py\", line 108, in _initialize_pipeline\n    pipeline.register_stage(PreprocessHandler(\n  File \"/Users/gyc/Desktop/GYC_coding/zyantine/zyantine_memo/zyantine_genisis/core/processing_pipeline.py\", line 149, in register_stage\n    self.stages[stage_handler.stage_name] = stage_handler\n                ^^^^^^^^^^^^^^^^^^^^^^^^\nAttributeError: 'PreprocessHandler' object has no attribute 'stage_name'\n"}
2025-12-26 22:22:46 - error_handler - ERROR - {"timestamp": "2025-12-26T22:22:46.328125", "level": "ERROR", "message": "发生错误: AttributeError", "error_type": "AttributeError", "error_message": "'InstinctCheckHandler' object has no attribute 'stage_name'", "traceback": "Traceback (most recent call last):\n  File \"/Users/gyc/Desktop/GYC_coding/zyantine/zyantine_memo/zyantine_genisis/main.py\", line 169, in main\n    facade = ZyantineFacade(\n             ^^^^^^^^^^^^^^^\n  File \"/Users/gyc/Desktop/GYC_coding/zyantine/zyantine_memo/zyantine_genisis/zyantine_facade.py\", line 59, in __init__\n    self.core = ZyantineCore(\n                ^^^^^^^^^^^^^\n  File \"/Users/gyc/Desktop/GYC_coding/zyantine/zyantine_memo/zyantine_genisis/core/system_core.py\", line 54, in __init__\n    self.pipeline = self._initialize_pipeline()\n                    ^^^^^^^^^^^^^^^^^^^^^^^^^^^\n  File \"/Users/gyc/Desktop/GYC_coding/zyantine/zyantine_memo/zyantine_genisis/core/system_core.py\", line 113, in _initialize_pipeline\n    pipeline.register_stage(InstinctCheckHandler(\n  File \"/Users/gyc/Desktop/GYC_coding/zyantine/zyantine_memo/zyantine_genisis/core/processing_pipeline.py\", line 180, in register_stage\n    stage_name = stage_handler.stage_name\n                 ^^^^^^^^^^^^^^^^^^^^^^^^\nAttributeError: 'InstinctCheckHandler' object has no attribute 'stage_name'\n"}
2025-12-26 22:28:57 - error_handler - ERROR - {"timestamp": "2025-12-26T22:28:57.690481", "level": "ERROR", "message": "发生错误: AttributeError", "error_type": "AttributeError", "error_message": "'SystemLogger' object has no attribute 'info'", "traceback": "Traceback (most recent call last):\n  File \"/Users/gyc/Desktop/GYC_coding/zyantine/zyantine_memo/zyantine_genisis/main.py\", line 169, in main\n    facade = ZyantineFacade(\n             ^^^^^^^^^^^^^^^\n  File \"/Users/gyc/Desktop/GYC_coding/zyantine/zyantine_memo/zyantine_genisis/zyantine_facade.py\", line 59, in __init__\n    self.core = ZyantineCore(\n                ^^^^^^^^^^^^^\n  File \"/Users/gyc/Desktop/GYC_coding/zyantine/zyantine_memo/zyantine_genisis/core/system_core.py\", line 66, in __init__\n    self.logger.info(f\"系统核心初始化完成，会话ID: {self.config.session_id}\")\n    ^^^^^^^^^^^^^^^^\nAttributeError: 'SystemLogger' object has no attribute 'info'\n"}
2025-12-26 22:54:08 - error_handler - ERROR - {"timestamp": "2025-12-26T22:54:08.338466", "level": "ERROR", "message": "发生错误: AttributeError", "error_type": "AttributeError", "error_message": "partially initialized module 'pandas' has no attribute 'core' (most likely due to a circular import)", "traceback": "Traceback (most recent call last):\n  File \"/Users/gyc/Desktop/GYC_coding/zyantine/zyantine_memo/zyantine_genisis/main.py\", line 169, in main\n    facade = ZyantineFacade(\n             ^^^^^^^^^^^^^^^\n  File \"/Users/gyc/Desktop/GYC_coding/zyantine/zyantine_memo/zyantine_genisis/zyantine_facade.py\", line 59, in __init__\n    self.core = ZyantineCore(\n                ^^^^^^^^^^^^^\n  File \"/Users/gyc/Desktop/GYC_coding/zyantine/zyantine_memo/zyantine_genisis/core/system_core.py\", line 46, in __init__\n    self.memory_manager = MemoryManager(\n                          ^^^^^^^^^^^^^^\n  File \"/Users/gyc/Desktop/GYC_coding/zyantine/zyantine_memo/zyantine_genisis/memory/memory_manager.py\", line 58, in __init__\n    self.memory_system = self._initialize_memory_system()\n                         ^^^^^^^^^^^^^^^^^^^^^^^^^^^^^^^^\n  File \"/Users/gyc/Desktop/GYC_coding/zyantine/zyantine_memo/zyantine_genisis/memory/memory_manager.py\", line 79, in _initialize_memory_system\n    return ZyantineMemorySystem(\n           ^^^^^^^^^^^^^^^^^^^^^\n  File \"/Users/gyc/Desktop/GYC_coding/zyantine/zyantine_memo/zyantine_genisis/memory/memory_store.py\", line 32, in __init__\n    self.memory = self._initialize_memo0()\n                  ^^^^^^^^^^^^^^^^^^^^^^^^\n  File \"/Users/gyc/Desktop/GYC_coding/zyantine/zyantine_memo/zyantine_genisis/memory/memory_store.py\", line 74, in _initialize_memo0\n    return Memory.from_config(config)\n           ^^^^^^^^^^^^^^^^^^^^^^^^^^\n  File \"/opt/anaconda3/envs/zyantine_genisis/lib/python3.11/site-packages/mem0/memory/main.py\", line 243, in from_config\n    return cls(config)\n           ^^^^^^^^^^^\n  File \"/opt/anaconda3/envs/zyantine_genisis/lib/python3.11/site-packages/mem0/memory/main.py\", line 183, in __init__\n    self.vector_store = VectorStoreFactory.create(\n                        ^^^^^^^^^^^^^^^^^^^^^^^^^^\n  File \"/opt/anaconda3/envs/zyantine_genisis/lib/python3.11/site-packages/mem0/utils/factory.py\", line 197, in create\n    vector_store_instance = load_class(class_type)\n                            ^^^^^^^^^^^^^^^^^^^^^^\n  File \"/opt/anaconda3/envs/zyantine_genisis/lib/python3.11/site-packages/mem0/utils/factory.py\", line 24, in load_class\n    module = importlib.import_module(module_path)\n             ^^^^^^^^^^^^^^^^^^^^^^^^^^^^^^^^^^^^\n  File \"/opt/anaconda3/envs/zyantine_genisis/lib/python3.11/importlib/__init__.py\", line 126, in import_module\n    return _bootstrap._gcd_import(name[level:], package, level)\n           ^^^^^^^^^^^^^^^^^^^^^^^^^^^^^^^^^^^^^^^^^^^^^^^^^^^^\n  File \"<frozen importlib._bootstrap>\", line 1204, in _gcd_import\n  File \"<frozen importlib._bootstrap>\", line 1176, in _find_and_load\n  File \"<frozen importlib._bootstrap>\", line 1147, in _find_and_load_unlocked\n  File \"<frozen importlib._bootstrap>\", line 690, in _load_unlocked\n  File \"<frozen importlib._bootstrap_external>\", line 940, in exec_module\n  File \"<frozen importlib._bootstrap>\", line 241, in _call_with_frames_removed\n  File \"/opt/anaconda3/envs/zyantine_genisis/lib/python3.11/site-packages/mem0/vector_stores/milvus.py\", line 10, in <module>\n    import pymilvus  # noqa: F401\n    ^^^^^^^^^^^^^^^\n  File \"/opt/anaconda3/envs/zyantine_genisis/lib/python3.11/site-packages/pymilvus/__init__.py\", line 22, in <module>\n    from .client.prepare import Prepare\n  File \"/opt/anaconda3/envs/zyantine_genisis/lib/python3.11/site-packages/pymilvus/client/prepare.py\", line 14, in <module>\n    from pymilvus.orm.schema import (\n  File \"/opt/anaconda3/envs/zyantine_genisis/lib/python3.11/site-packages/pymilvus/orm/schema.py\", line 17, in <module>\n    import pandas as pd\n  File \"/opt/anaconda3/envs/zyantine_genisis/lib/python3.11/site-packages/pandas/__init__.py\", line 139, in <module>\n    from pandas import testing\n  File \"/opt/anaconda3/envs/zyantine_genisis/lib/python3.11/site-packages/pandas/testing.py\", line 6, in <module>\n    from pandas._testing import (\n  File \"/opt/anaconda3/envs/zyantine_genisis/lib/python3.11/site-packages/pandas/_testing/__init__.py\", line 405, in <module>\n    cython_table = pd.core.common._cython_table.items()\n                   ^^^^^^^\nAttributeError: partially initialized module 'pandas' has no attribute 'core' (most likely due to a circular import)\n"}
